2016-06-05 11:43:18,673 ERROR [main] - Statistics - Statistics file `/home/yogesh/.scalaide/statistics` is corrupted. A new one is being created. Corrupted content was:

com.cedarsoftware.util.io.JsonIoException: error parsing JSON value
	at com.cedarsoftware.util.io.JsonReader.readObject(JsonReader.java:529)
	at com.cedarsoftware.util.io.JsonReader.jsonToJava(JsonReader.java:289)
	at com.cedarsoftware.util.io.JsonReader.jsonToJava(JsonReader.java:262)
	at org.scalaide.core.internal.statistics.Statistics.org$scalaide$core$internal$statistics$Statistics$$read(Statistics.scala:74)
	at org.scalaide.core.internal.statistics.Statistics$$anonfun$readStats$1.apply(Statistics.scala:52)
	at org.scalaide.core.internal.statistics.Statistics$$anonfun$readStats$1.apply(Statistics.scala:51)
	at org.scalaide.core.ScalaIdeDataStore$$anonfun$validate$2.apply(ScalaIdeDataStore.scala:59)
	at org.scalaide.util.eclipse.EclipseUtils$$anon$3.run(EclipseUtils.scala:214)
	at org.eclipse.core.runtime.SafeRunner.run(SafeRunner.java:42)
	at org.scalaide.util.eclipse.EclipseUtils$.withSafeRunner(EclipseUtils.scala:210)
	at org.scalaide.core.ScalaIdeDataStore$.validate(ScalaIdeDataStore.scala:58)
	at org.scalaide.core.internal.statistics.Statistics.readStats(Statistics.scala:51)
	at org.scalaide.core.internal.statistics.Statistics.<init>(Statistics.scala:30)
	at org.scalaide.core.internal.ScalaPlugin.stats$lzycompute(ScalaPlugin.scala:135)
	at org.scalaide.core.internal.ScalaPlugin.stats(ScalaPlugin.scala:135)
	at org.scalaide.core.internal.ScalaPlugin.statistics(ScalaPlugin.scala:138)
	at org.scalaide.core.internal.ScalaPlugin.start(ScalaPlugin.scala:109)
	at org.eclipse.osgi.internal.framework.BundleContextImpl$3.run(BundleContextImpl.java:771)
	at org.eclipse.osgi.internal.framework.BundleContextImpl$3.run(BundleContextImpl.java:1)
	at java.security.AccessController.doPrivileged(Native Method)
	at org.eclipse.osgi.internal.framework.BundleContextImpl.startActivator(BundleContextImpl.java:764)
	at org.eclipse.osgi.internal.framework.BundleContextImpl.start(BundleContextImpl.java:721)
	at org.eclipse.osgi.internal.framework.EquinoxBundle.startWorker0(EquinoxBundle.java:936)
	at org.eclipse.osgi.internal.framework.EquinoxBundle$EquinoxModule.startWorker(EquinoxBundle.java:319)
	at org.eclipse.osgi.container.Module.doStart(Module.java:571)
	at org.eclipse.osgi.container.Module.start(Module.java:439)
	at org.eclipse.osgi.framework.util.SecureAction.start(SecureAction.java:454)
	at org.eclipse.osgi.internal.hooks.EclipseLazyStarter.postFindLocalClass(EclipseLazyStarter.java:107)
	at org.eclipse.osgi.internal.loader.classpath.ClasspathManager.findLocalClass(ClasspathManager.java:531)
	at org.eclipse.osgi.internal.loader.ModuleClassLoader.findLocalClass(ModuleClassLoader.java:324)
	at org.eclipse.osgi.internal.loader.BundleLoader.findLocalClass(BundleLoader.java:320)
	at org.eclipse.osgi.internal.loader.BundleLoader.findClassInternal(BundleLoader.java:395)
	at org.eclipse.osgi.internal.loader.BundleLoader.findClass(BundleLoader.java:345)
	at org.eclipse.osgi.internal.loader.BundleLoader.findClass(BundleLoader.java:337)
	at org.eclipse.osgi.internal.loader.ModuleClassLoader.loadClass(ModuleClassLoader.java:160)
	at java.lang.ClassLoader.loadClass(ClassLoader.java:357)
	at org.eclipse.osgi.internal.framework.EquinoxBundle.loadClass(EquinoxBundle.java:568)
	at org.eclipse.core.internal.registry.osgi.RegistryStrategyOSGI.createExecutableExtension(RegistryStrategyOSGI.java:174)
	at org.eclipse.core.internal.registry.ExtensionRegistry.createExecutableExtension(ExtensionRegistry.java:905)
	at org.eclipse.core.internal.registry.ConfigurationElement.createExecutableExtension(ConfigurationElement.java:243)
	at org.eclipse.core.internal.registry.ConfigurationElementHandle.createExecutableExtension(ConfigurationElementHandle.java:55)
	at org.eclipse.ui.internal.registry.PerspectiveDescriptor.createFactory(PerspectiveDescriptor.java:74)
	at org.eclipse.ui.internal.WorkbenchPage.setPerspective(WorkbenchPage.java:4032)
	at org.eclipse.ui.internal.WorkbenchWindow.setup(WorkbenchWindow.java:733)
	at sun.reflect.NativeMethodAccessorImpl.invoke0(Native Method)
	at sun.reflect.NativeMethodAccessorImpl.invoke(NativeMethodAccessorImpl.java:62)
	at sun.reflect.DelegatingMethodAccessorImpl.invoke(DelegatingMethodAccessorImpl.java:43)
	at java.lang.reflect.Method.invoke(Method.java:498)
	at org.eclipse.e4.core.internal.di.MethodRequestor.execute(MethodRequestor.java:55)
	at org.eclipse.e4.core.internal.di.InjectorImpl.processAnnotated(InjectorImpl.java:888)
	at org.eclipse.e4.core.internal.di.InjectorImpl.inject(InjectorImpl.java:120)
	at org.eclipse.e4.core.internal.di.InjectorImpl.inject(InjectorImpl.java:85)
	at org.eclipse.e4.core.contexts.ContextInjectionFactory.inject(ContextInjectionFactory.java:73)
	at org.eclipse.ui.internal.Workbench.createWorkbenchWindow(Workbench.java:1480)
	at org.eclipse.ui.internal.Workbench.getActiveWorkbenchWindow(Workbench.java:1453)
	at org.eclipse.ui.internal.services.WorkbenchSourceProvider.updateActiveShell(WorkbenchSourceProvider.java:943)
	at org.eclipse.ui.internal.services.WorkbenchSourceProvider.getCurrentState(WorkbenchSourceProvider.java:137)
	at org.eclipse.ui.internal.services.WorkbenchSourceProvider$6.handleEvent(WorkbenchSourceProvider.java:703)
	at org.eclipse.swt.widgets.EventTable.sendEvent(EventTable.java:84)
	at org.eclipse.swt.widgets.Display.filterEvent(Display.java:1574)
	at org.eclipse.swt.widgets.Widget.sendEvent(Widget.java:1387)
	at org.eclipse.swt.widgets.Widget.sendEvent(Widget.java:1412)
	at org.eclipse.swt.widgets.Widget.sendEvent(Widget.java:1393)
	at org.eclipse.swt.widgets.Shell.filterProc(Shell.java:761)
	at org.eclipse.swt.widgets.Display.filterProc(Display.java:1586)
	at org.eclipse.swt.internal.gtk.OS._g_main_context_iteration(Native Method)
	at org.eclipse.swt.internal.gtk.OS.g_main_context_iteration(OS.java:2477)
	at org.eclipse.swt.widgets.Display.readAndDispatch(Display.java:3407)
	at org.eclipse.e4.ui.internal.workbench.swt.PartRenderingEngine$9.run(PartRenderingEngine.java:1151)
	at org.eclipse.core.databinding.observable.Realm.runWithDefault(Realm.java:332)
	at org.eclipse.e4.ui.internal.workbench.swt.PartRenderingEngine.run(PartRenderingEngine.java:1032)
	at org.eclipse.e4.ui.internal.workbench.E4Workbench.createAndRunUI(E4Workbench.java:148)
	at org.eclipse.ui.internal.Workbench$5.run(Workbench.java:636)
	at org.eclipse.core.databinding.observable.Realm.runWithDefault(Realm.java:332)
	at org.eclipse.ui.internal.Workbench.createAndRunWorkbench(Workbench.java:579)
	at org.eclipse.ui.PlatformUI.createAndRunWorkbench(PlatformUI.java:150)
	at org.eclipse.ui.internal.ide.application.IDEApplication.start(IDEApplication.java:135)
	at org.eclipse.equinox.internal.app.EclipseAppHandle.run(EclipseAppHandle.java:196)
	at org.eclipse.core.runtime.internal.adaptor.EclipseAppLauncher.runApplication(EclipseAppLauncher.java:134)
	at org.eclipse.core.runtime.internal.adaptor.EclipseAppLauncher.start(EclipseAppLauncher.java:104)
	at org.eclipse.core.runtime.adaptor.EclipseStarter.run(EclipseStarter.java:380)
	at org.eclipse.core.runtime.adaptor.EclipseStarter.run(EclipseStarter.java:235)
	at sun.reflect.NativeMethodAccessorImpl.invoke0(Native Method)
	at sun.reflect.NativeMethodAccessorImpl.invoke(NativeMethodAccessorImpl.java:62)
	at sun.reflect.DelegatingMethodAccessorImpl.invoke(DelegatingMethodAccessorImpl.java:43)
	at java.lang.reflect.Method.invoke(Method.java:498)
	at org.eclipse.equinox.launcher.Main.invokeFramework(Main.java:648)
	at org.eclipse.equinox.launcher.Main.basicRun(Main.java:603)
	at org.eclipse.equinox.launcher.Main.run(Main.java:1465)
	at org.eclipse.equinox.launcher.Main.main(Main.java:1438)
Caused by: com.cedarsoftware.util.io.JsonIoException: EOF reached prematurely
	at com.cedarsoftware.util.io.JsonParser.error(JsonParser.java:584)
	at com.cedarsoftware.util.io.JsonParser.readValue(JsonParser.java:278)
	at com.cedarsoftware.util.io.JsonReader.readObject(JsonReader.java:521)
	... 89 more
2016-06-05 11:43:42,270  WARN [ModalContext] - ScalaProject - Project currying_play has platform default sourceLevel.
2016-06-05 11:43:42,271  WARN [ModalContext] - ScalaProject - Project currying_play runs on platform default installation.
2016-06-05 11:43:47,068  WARN [Worker-0] - ScalaProject - Project currying_play has platform default sourceLevel.
2016-06-05 11:43:47,069  WARN [Worker-0] - ScalaProject - Project currying_play runs on platform default installation.
2016-06-05 11:45:33,791  WARN [Worker-1] - ScalaProject - Project currying_play has platform default sourceLevel.
2016-06-05 11:45:33,792  WARN [Worker-1] - ScalaProject - Project currying_play runs on platform default installation.
2016-06-05 11:45:51,807  WARN [Worker-1] - ScalaProject - Project currying_play has platform default sourceLevel.
2016-06-05 11:45:51,807  WARN [Worker-1] - ScalaProject - Project currying_play runs on platform default installation.
2016-06-05 11:45:53,127  WARN [bundle-322-ActorSystem-akka.actor.default-dispatcher-4] - ScalaProject - Project currying_play has platform default sourceLevel.
2016-06-05 11:45:53,127  WARN [bundle-322-ActorSystem-akka.actor.default-dispatcher-4] - ScalaProject - Project currying_play runs on platform default installation.
2016-06-05 11:55:04,280  WARN [Worker-16] - ScalaProject - Project currying_play has platform default sourceLevel.
2016-06-05 11:55:04,280  WARN [Worker-16] - ScalaProject - Project currying_play runs on platform default installation.
2016-06-05 11:55:05,339  WARN [Worker-12] - ScalaProject - Project currying_play has platform default sourceLevel.
2016-06-05 11:55:05,340  WARN [Worker-12] - ScalaProject - Project currying_play runs on platform default installation.
2016-06-05 11:55:49,261  WARN [Worker-17] - ScalaProject - Project currying_play has platform default sourceLevel.
2016-06-05 11:55:49,261  WARN [Worker-17] - ScalaProject - Project currying_play runs on platform default installation.
2016-06-05 11:56:11,900  WARN [Worker-14] - ScalaProject - Project currying_play has platform default sourceLevel.
2016-06-05 11:56:11,900  WARN [Worker-14] - ScalaProject - Project currying_play runs on platform default installation.
2016-06-05 11:56:23,347  WARN [Worker-14] - ScalaProject - Project currying_play has platform default sourceLevel.
2016-06-05 11:56:23,347  WARN [Worker-14] - ScalaProject - Project currying_play runs on platform default installation.
2016-06-05 11:56:24,364  WARN [Worker-17] - ScalaProject - Project currying_play has platform default sourceLevel.
2016-06-05 11:56:24,364  WARN [Worker-17] - ScalaProject - Project currying_play runs on platform default installation.
2016-06-05 11:56:51,233  WARN [Worker-17] - ScalaProject - Project currying_play has platform default sourceLevel.
2016-06-05 11:56:51,233  WARN [Worker-17] - ScalaProject - Project currying_play runs on platform default installation.
2016-06-05 11:56:52,301  WARN [Worker-17] - ScalaProject - Project currying_play has platform default sourceLevel.
2016-06-05 11:56:52,301  WARN [Worker-17] - ScalaProject - Project currying_play runs on platform default installation.
2016-06-05 12:18:53,280  WARN [Worker-22] - ScalaProject - Project currying_play has platform default sourceLevel.
2016-06-05 12:18:53,281  WARN [Worker-22] - ScalaProject - Project currying_play runs on platform default installation.
2016-06-05 12:18:54,347  WARN [Worker-22] - ScalaProject - Project currying_play has platform default sourceLevel.
2016-06-05 12:18:54,348  WARN [Worker-22] - ScalaProject - Project currying_play runs on platform default installation.
2016-06-05 12:20:11,625  WARN [Worker-24] - ScalaProject - Project currying_play has platform default sourceLevel.
2016-06-05 12:20:11,625  WARN [Worker-24] - ScalaProject - Project currying_play runs on platform default installation.
2016-06-05 12:20:12,666  WARN [Worker-24] - ScalaProject - Project currying_play has platform default sourceLevel.
2016-06-05 12:20:12,667  WARN [Worker-24] - ScalaProject - Project currying_play runs on platform default installation.
2016-06-05 12:21:40,888  WARN [Worker-24] - ScalaProject - Project currying_play has platform default sourceLevel.
2016-06-05 12:21:40,888  WARN [Worker-24] - ScalaProject - Project currying_play runs on platform default installation.
2016-06-05 12:22:01,149  WARN [Worker-25] - ScalaProject - Project currying_play has platform default sourceLevel.
2016-06-05 12:22:01,149  WARN [Worker-25] - ScalaProject - Project currying_play runs on platform default installation.
2016-06-05 12:22:02,215  WARN [Worker-22] - ScalaProject - Project currying_play has platform default sourceLevel.
2016-06-05 12:22:02,215  WARN [Worker-22] - ScalaProject - Project currying_play runs on platform default installation.
2016-06-05 12:22:03,610  WARN [Worker-25] - ScalaProject - Project currying_play has platform default sourceLevel.
2016-06-05 12:22:03,610  WARN [Worker-25] - ScalaProject - Project currying_play runs on platform default installation.
2016-06-05 12:23:00,230  WARN [Worker-22] - ScalaProject - Project currying_play has platform default sourceLevel.
2016-06-05 12:23:00,230  WARN [Worker-22] - ScalaProject - Project currying_play runs on platform default installation.
2016-06-05 12:23:01,250  WARN [Worker-22] - ScalaProject - Project currying_play has platform default sourceLevel.
2016-06-05 12:23:01,250  WARN [Worker-22] - ScalaProject - Project currying_play runs on platform default installation.
2016-06-05 12:23:25,976  WARN [Worker-26] - ScalaProject - Project currying_play has platform default sourceLevel.
2016-06-05 12:23:25,976  WARN [Worker-26] - ScalaProject - Project currying_play runs on platform default installation.
2016-06-05 12:23:27,041  WARN [Worker-26] - ScalaProject - Project currying_play has platform default sourceLevel.
2016-06-05 12:23:27,042  WARN [Worker-26] - ScalaProject - Project currying_play runs on platform default installation.
2016-06-05 12:23:29,256  WARN [Worker-22] - ScalaProject - Project currying_play has platform default sourceLevel.
2016-06-05 12:23:29,256  WARN [Worker-22] - ScalaProject - Project currying_play runs on platform default installation.
2016-06-05 12:23:30,319  WARN [Worker-24] - ScalaProject - Project currying_play has platform default sourceLevel.
2016-06-05 12:23:30,320  WARN [Worker-24] - ScalaProject - Project currying_play runs on platform default installation.
2016-06-05 12:24:23,729  WARN [Worker-25] - ScalaProject - Project currying_play has platform default sourceLevel.
2016-06-05 12:24:23,730  WARN [Worker-25] - ScalaProject - Project currying_play runs on platform default installation.
2016-06-05 12:24:24,794  WARN [Worker-24] - ScalaProject - Project currying_play has platform default sourceLevel.
2016-06-05 12:24:24,794  WARN [Worker-24] - ScalaProject - Project currying_play runs on platform default installation.
2016-06-05 12:24:37,777  WARN [Worker-24] - ScalaProject - Project currying_play has platform default sourceLevel.
2016-06-05 12:24:37,777  WARN [Worker-24] - ScalaProject - Project currying_play runs on platform default installation.
2016-06-05 12:24:38,789  WARN [Worker-22] - ScalaProject - Project currying_play has platform default sourceLevel.
2016-06-05 12:24:38,789  WARN [Worker-22] - ScalaProject - Project currying_play runs on platform default installation.
2016-06-05 12:26:19,779  WARN [Worker-24] - ScalaProject - Project currying_play has platform default sourceLevel.
2016-06-05 12:26:19,780  WARN [Worker-24] - ScalaProject - Project currying_play runs on platform default installation.
2016-06-05 12:26:20,792  WARN [Worker-26] - ScalaProject - Project currying_play has platform default sourceLevel.
2016-06-05 12:26:20,792  WARN [Worker-26] - ScalaProject - Project currying_play runs on platform default installation.
2016-06-05 12:28:55,878  WARN [Worker-27] - ScalaProject - Project currying_play has platform default sourceLevel.
2016-06-05 12:28:55,878  WARN [Worker-27] - ScalaProject - Project currying_play runs on platform default installation.
2016-06-05 12:28:56,948  WARN [Worker-24] - ScalaProject - Project currying_play has platform default sourceLevel.
2016-06-05 12:28:56,949  WARN [Worker-24] - ScalaProject - Project currying_play runs on platform default installation.
2016-06-05 12:29:21,447  WARN [Worker-27] - ScalaProject - Project currying_play has platform default sourceLevel.
2016-06-05 12:29:21,447  WARN [Worker-27] - ScalaProject - Project currying_play runs on platform default installation.
2016-06-05 12:29:22,509  WARN [Worker-27] - ScalaProject - Project currying_play has platform default sourceLevel.
2016-06-05 12:29:22,510  WARN [Worker-27] - ScalaProject - Project currying_play runs on platform default installation.
2016-06-05 12:30:07,272  WARN [Worker-22] - ScalaProject - Project currying_play has platform default sourceLevel.
2016-06-05 12:30:07,273  WARN [Worker-22] - ScalaProject - Project currying_play runs on platform default installation.
2016-06-05 12:30:08,335  WARN [Worker-24] - ScalaProject - Project currying_play has platform default sourceLevel.
2016-06-05 12:30:08,336  WARN [Worker-24] - ScalaProject - Project currying_play runs on platform default installation.
2016-06-05 12:30:24,032  WARN [Worker-22] - ScalaProject - Project currying_play has platform default sourceLevel.
2016-06-05 12:30:24,032  WARN [Worker-22] - ScalaProject - Project currying_play runs on platform default installation.
2016-06-05 12:30:25,045  WARN [Worker-22] - ScalaProject - Project currying_play has platform default sourceLevel.
2016-06-05 12:30:25,046  WARN [Worker-22] - ScalaProject - Project currying_play runs on platform default installation.
2016-06-05 12:30:40,368  WARN [Worker-22] - ScalaProject - Project currying_play has platform default sourceLevel.
2016-06-05 12:30:40,369  WARN [Worker-22] - ScalaProject - Project currying_play runs on platform default installation.
2016-06-05 12:30:41,430  WARN [Worker-24] - ScalaProject - Project currying_play has platform default sourceLevel.
2016-06-05 12:30:41,430  WARN [Worker-24] - ScalaProject - Project currying_play runs on platform default installation.
2016-06-05 12:31:04,687  WARN [Worker-27] - ScalaProject - Project currying_play has platform default sourceLevel.
2016-06-05 12:31:04,687  WARN [Worker-27] - ScalaProject - Project currying_play runs on platform default installation.
2016-06-05 12:31:05,754  WARN [Worker-24] - ScalaProject - Project currying_play has platform default sourceLevel.
2016-06-05 12:31:05,755  WARN [Worker-24] - ScalaProject - Project currying_play runs on platform default installation.
2016-06-05 12:32:30,123  WARN [Worker-28] - ScalaProject - Project currying_play has platform default sourceLevel.
2016-06-05 12:32:30,124  WARN [Worker-28] - ScalaProject - Project currying_play runs on platform default installation.
2016-06-05 12:32:31,165  WARN [Worker-30] - ScalaProject - Project currying_play has platform default sourceLevel.
2016-06-05 12:32:31,165  WARN [Worker-30] - ScalaProject - Project currying_play runs on platform default installation.
